<?xml version="1.0" encoding="UTF-8"?>
<!-- Generated by org.testng.reporters.JUnitReportReporter -->
<testsuite skipped="0" hostname="DESKTOP-E93L1TT" name="Login_Test.toolTip_test" tests="1" failures="0" timestamp="15 Jun 2020 01:18:55 GMT" time="6.163" errors="0">
  <testcase name="Tool_tip_test" time="6.163" classname="Login_Test.toolTip_test"/>
</testsuite> <!-- Login_Test.toolTip_test -->
