<?xml version="1.0" encoding="UTF-8"?>
<!-- Generated by org.testng.reporters.JUnitReportReporter -->
<testsuite skipped="0" hostname="DESKTOP-E93L1TT" name="Login_Test.Login_to_portal" tests="2" failures="0" timestamp="15 Jun 2020 01:18:55 GMT" time="4.999" errors="0">
  <testcase name="invalid_login" time="1.680" classname="Login_Test.Login_to_portal"/>
  <testcase name="valid_login" time="3.319" classname="Login_Test.Login_to_portal"/>
</testsuite> <!-- Login_Test.Login_to_portal -->
