<?xml version="1.0" encoding="UTF-8"?>
<!-- Generated by org.testng.reporters.JUnitReportReporter -->
<testsuite skipped="0" hostname="DESKTOP-E93L1TT" name="Login_Test.calculator_test" tests="1" failures="0" timestamp="15 Jun 2020 01:18:55 GMT" time="5.622" errors="0">
  <testcase name="calculator_test" time="5.622" classname="Login_Test.calculator_test"/>
</testsuite> <!-- Login_Test.calculator_test -->
