<?xml version="1.0" encoding="UTF-8"?>
<!-- Generated by org.testng.reporters.JUnitReportReporter -->
<testsuite skipped="0" hostname="DESKTOP-E93L1TT" name="com.Testscript.TestLogin" tests="1" failures="0" timestamp="12 Jun 2020 02:22:52 GMT" time="3.898" errors="0">
  <testcase name="applyAsDeveloper" time="3.898" classname="com.Testscript.TestLogin"/>
</testsuite> <!-- com.Testscript.TestLogin -->
