<?xml version="1.0" encoding="UTF-8"?>
<!-- Generated by org.testng.reporters.JUnitReportReporter -->
<testsuite skipped="0" hostname="DESKTOP-E93L1TT" name="Login_Test.page_logout" tests="1" failures="0" timestamp="15 Jun 2020 01:18:55 GMT" time="1.279" errors="0">
  <testcase name="logout_test" time="1.279" classname="Login_Test.page_logout"/>
</testsuite> <!-- Login_Test.page_logout -->
